E:\USERS\T4G1\PROJETS\3EME\JAVA\ETAPE 2\SERVEUR_VILLAGE\APPLIC_MATERIEL\DEBUG\APPLIC_MATERIEL.EXE.INTERMEDIATE.MANIFEST
E:\USERS\T4G1\PROJETS\3EME\JAVA\ETAPE 2\SERVEUR_VILLAGE\APPLIC_MATERIEL\DEBUG\APPLICMATERIEL.OBJ
E:\Users\T4g1\Projets\3eme\Java\Etape 2\Serveur_Village\Applic_Materiel\Debug\cl.command.1.tlog
E:\Users\T4g1\Projets\3eme\Java\Etape 2\Serveur_Village\Applic_Materiel\Debug\CL.read.1.tlog
E:\Users\T4g1\Projets\3eme\Java\Etape 2\Serveur_Village\Applic_Materiel\Debug\CL.write.1.tlog
E:\USERS\T4G1\PROJETS\3EME\JAVA\ETAPE 2\SERVEUR_VILLAGE\APPLIC_MATERIEL\DEBUG\COMMON.OBJ
E:\USERS\T4G1\PROJETS\3EME\JAVA\ETAPE 2\SERVEUR_VILLAGE\APPLIC_MATERIEL\DEBUG\CSVPARSER.OBJ
E:\Users\T4g1\Projets\3eme\Java\Etape 2\Serveur_Village\Applic_Materiel\Debug\link.command.1.tlog
E:\Users\T4g1\Projets\3eme\Java\Etape 2\Serveur_Village\Applic_Materiel\Debug\link.read.1.tlog
E:\Users\T4g1\Projets\3eme\Java\Etape 2\Serveur_Village\Applic_Materiel\Debug\link.write.1.tlog
E:\USERS\T4G1\PROJETS\3EME\JAVA\ETAPE 2\SERVEUR_VILLAGE\APPLIC_MATERIEL\DEBUG\MAIN.OBJ
E:\Users\T4g1\Projets\3eme\Java\Etape 2\Serveur_Village\Applic_Materiel\Debug\mt.command.1.tlog
E:\Users\T4g1\Projets\3eme\Java\Etape 2\Serveur_Village\Applic_Materiel\Debug\mt.read.1.tlog
E:\Users\T4g1\Projets\3eme\Java\Etape 2\Serveur_Village\Applic_Materiel\Debug\mt.write.1.tlog
E:\USERS\T4G1\PROJETS\3EME\JAVA\ETAPE 2\SERVEUR_VILLAGE\APPLIC_MATERIEL\DEBUG\NETWORK.OBJ
E:\Users\T4g1\Projets\3eme\Java\Etape 2\Serveur_Village\Applic_Materiel\Debug\vc100.idb
E:\USERS\T4G1\PROJETS\3EME\JAVA\ETAPE 2\SERVEUR_VILLAGE\APPLIC_MATERIEL\DEBUG\VC100.PDB
E:\USERS\T4G1\PROJETS\3EME\JAVA\ETAPE 2\SERVEUR_VILLAGE\DEBUG\APPLIC_MATERIEL.EXE
E:\USERS\T4G1\PROJETS\3EME\JAVA\ETAPE 2\SERVEUR_VILLAGE\DEBUG\APPLIC_MATERIEL.ILK
E:\USERS\T4G1\PROJETS\3EME\JAVA\ETAPE 2\SERVEUR_VILLAGE\DEBUG\APPLIC_MATERIEL.PDB
