E:\USERS\T4G1\PROJETS\3EME\JAVA\ETAPE 2\SERVEUR_VILLAGE\DEBUG\SERVEUR_VILLAGE.EXE
E:\USERS\T4G1\PROJETS\3EME\JAVA\ETAPE 2\SERVEUR_VILLAGE\DEBUG\SERVEUR_VILLAGE.ILK
E:\USERS\T4G1\PROJETS\3EME\JAVA\ETAPE 2\SERVEUR_VILLAGE\DEBUG\SERVEUR_VILLAGE.PDB
E:\Users\T4g1\Projets\3eme\Java\Etape 2\Serveur_Village\Serveur_Village\Debug\cl.command.1.tlog
E:\Users\T4g1\Projets\3eme\Java\Etape 2\Serveur_Village\Serveur_Village\Debug\CL.read.1.tlog
E:\Users\T4g1\Projets\3eme\Java\Etape 2\Serveur_Village\Serveur_Village\Debug\CL.write.1.tlog
E:\USERS\T4G1\PROJETS\3EME\JAVA\ETAPE 2\SERVEUR_VILLAGE\SERVEUR_VILLAGE\DEBUG\COMMON.OBJ
E:\USERS\T4G1\PROJETS\3EME\JAVA\ETAPE 2\SERVEUR_VILLAGE\SERVEUR_VILLAGE\DEBUG\CSVPARSER.OBJ
E:\Users\T4g1\Projets\3eme\Java\Etape 2\Serveur_Village\Serveur_Village\Debug\link.command.1.tlog
E:\Users\T4g1\Projets\3eme\Java\Etape 2\Serveur_Village\Serveur_Village\Debug\link.read.1.tlog
E:\Users\T4g1\Projets\3eme\Java\Etape 2\Serveur_Village\Serveur_Village\Debug\link.write.1.tlog
E:\USERS\T4G1\PROJETS\3EME\JAVA\ETAPE 2\SERVEUR_VILLAGE\SERVEUR_VILLAGE\DEBUG\MAIN.OBJ
E:\Users\T4g1\Projets\3eme\Java\Etape 2\Serveur_Village\Serveur_Village\Debug\mt.command.1.tlog
E:\Users\T4g1\Projets\3eme\Java\Etape 2\Serveur_Village\Serveur_Village\Debug\mt.read.1.tlog
E:\Users\T4g1\Projets\3eme\Java\Etape 2\Serveur_Village\Serveur_Village\Debug\mt.write.1.tlog
E:\USERS\T4G1\PROJETS\3EME\JAVA\ETAPE 2\SERVEUR_VILLAGE\SERVEUR_VILLAGE\DEBUG\NETWORK.OBJ
E:\USERS\T4G1\PROJETS\3EME\JAVA\ETAPE 2\SERVEUR_VILLAGE\SERVEUR_VILLAGE\DEBUG\SERVEUR_VILLAGE.EXE.INTERMEDIATE.MANIFEST
E:\USERS\T4G1\PROJETS\3EME\JAVA\ETAPE 2\SERVEUR_VILLAGE\SERVEUR_VILLAGE\DEBUG\SERVEURVILLAGE.OBJ
E:\Users\T4g1\Projets\3eme\Java\Etape 2\Serveur_Village\Serveur_Village\Debug\vc100.idb
E:\USERS\T4G1\PROJETS\3EME\JAVA\ETAPE 2\SERVEUR_VILLAGE\SERVEUR_VILLAGE\DEBUG\VC100.PDB
